Determining if the pthread_create exist failed with the following output:
Change Dir: /home/jainayushkumar0/Documents/Courses/SensorFusionNanoDegree/Lidar/SFND_Lidar_Obstacle_Detection/build/CMakeFiles/CMakeTmp

Run Build Command:"/usr/bin/make" "cmTC_dc977/fast"
/usr/bin/make -f CMakeFiles/cmTC_dc977.dir/build.make CMakeFiles/cmTC_dc977.dir/build
make[1]: Entering directory '/home/jainayushkumar0/Documents/Courses/SensorFusionNanoDegree/Lidar/SFND_Lidar_Obstacle_Detection/build/CMakeFiles/CMakeTmp'
Building C object CMakeFiles/cmTC_dc977.dir/CheckSymbolExists.c.o
/usr/bin/cc    -o CMakeFiles/cmTC_dc977.dir/CheckSymbolExists.c.o   -c /home/jainayushkumar0/Documents/Courses/SensorFusionNanoDegree/Lidar/SFND_Lidar_Obstacle_Detection/build/CMakeFiles/CMakeTmp/CheckSymbolExists.c
Linking C executable cmTC_dc977
/usr/bin/cmake -E cmake_link_script CMakeFiles/cmTC_dc977.dir/link.txt --verbose=1
/usr/bin/cc      -rdynamic CMakeFiles/cmTC_dc977.dir/CheckSymbolExists.c.o  -o cmTC_dc977 
CMakeFiles/cmTC_dc977.dir/CheckSymbolExists.c.o: In function `main':
CheckSymbolExists.c:(.text+0x1b): undefined reference to `pthread_create'
collect2: error: ld returned 1 exit status
CMakeFiles/cmTC_dc977.dir/build.make:97: recipe for target 'cmTC_dc977' failed
make[1]: *** [cmTC_dc977] Error 1
make[1]: Leaving directory '/home/jainayushkumar0/Documents/Courses/SensorFusionNanoDegree/Lidar/SFND_Lidar_Obstacle_Detection/build/CMakeFiles/CMakeTmp'
Makefile:126: recipe for target 'cmTC_dc977/fast' failed
make: *** [cmTC_dc977/fast] Error 2

File /home/jainayushkumar0/Documents/Courses/SensorFusionNanoDegree/Lidar/SFND_Lidar_Obstacle_Detection/build/CMakeFiles/CMakeTmp/CheckSymbolExists.c:
/* */
#include <pthread.h>

int main(int argc, char** argv)
{
  (void)argv;
#ifndef pthread_create
  return ((int*)(&pthread_create))[argc];
#else
  (void)argc;
  return 0;
#endif
}

Determining if the function pthread_create exists in the pthreads failed with the following output:
Change Dir: /home/jainayushkumar0/Documents/Courses/SensorFusionNanoDegree/Lidar/SFND_Lidar_Obstacle_Detection/build/CMakeFiles/CMakeTmp

Run Build Command:"/usr/bin/make" "cmTC_94398/fast"
/usr/bin/make -f CMakeFiles/cmTC_94398.dir/build.make CMakeFiles/cmTC_94398.dir/build
make[1]: Entering directory '/home/jainayushkumar0/Documents/Courses/SensorFusionNanoDegree/Lidar/SFND_Lidar_Obstacle_Detection/build/CMakeFiles/CMakeTmp'
Building C object CMakeFiles/cmTC_94398.dir/CheckFunctionExists.c.o
/usr/bin/cc   -DCHECK_FUNCTION_EXISTS=pthread_create   -o CMakeFiles/cmTC_94398.dir/CheckFunctionExists.c.o   -c /usr/share/cmake-3.10/Modules/CheckFunctionExists.c
Linking C executable cmTC_94398
/usr/bin/cmake -E cmake_link_script CMakeFiles/cmTC_94398.dir/link.txt --verbose=1
/usr/bin/cc  -DCHECK_FUNCTION_EXISTS=pthread_create    -rdynamic CMakeFiles/cmTC_94398.dir/CheckFunctionExists.c.o  -o cmTC_94398 -lpthreads 
/usr/bin/ld: cannot find -lpthreads
collect2: error: ld returned 1 exit status
CMakeFiles/cmTC_94398.dir/build.make:97: recipe for target 'cmTC_94398' failed
make[1]: *** [cmTC_94398] Error 1
make[1]: Leaving directory '/home/jainayushkumar0/Documents/Courses/SensorFusionNanoDegree/Lidar/SFND_Lidar_Obstacle_Detection/build/CMakeFiles/CMakeTmp'
Makefile:126: recipe for target 'cmTC_94398/fast' failed
make: *** [cmTC_94398/fast] Error 2


