Determining if the pthread_create exist failed with the following output:
Change Dir: /home/jainayushkumar0/Documents/Courses/SensorFusionNanoDegree/Lidar/SFND_Lidar_Obstacle_Detection/src/quiz/cluster/build/CMakeFiles/CMakeTmp

Run Build Command:"/usr/bin/make" "cmTC_43b89/fast"
/usr/bin/make -f CMakeFiles/cmTC_43b89.dir/build.make CMakeFiles/cmTC_43b89.dir/build
make[1]: Entering directory '/home/jainayushkumar0/Documents/Courses/SensorFusionNanoDegree/Lidar/SFND_Lidar_Obstacle_Detection/src/quiz/cluster/build/CMakeFiles/CMakeTmp'
Building C object CMakeFiles/cmTC_43b89.dir/CheckSymbolExists.c.o
/usr/bin/cc    -o CMakeFiles/cmTC_43b89.dir/CheckSymbolExists.c.o   -c /home/jainayushkumar0/Documents/Courses/SensorFusionNanoDegree/Lidar/SFND_Lidar_Obstacle_Detection/src/quiz/cluster/build/CMakeFiles/CMakeTmp/CheckSymbolExists.c
Linking C executable cmTC_43b89
/usr/bin/cmake -E cmake_link_script CMakeFiles/cmTC_43b89.dir/link.txt --verbose=1
/usr/bin/cc      -rdynamic CMakeFiles/cmTC_43b89.dir/CheckSymbolExists.c.o  -o cmTC_43b89 
CMakeFiles/cmTC_43b89.dir/CheckSymbolExists.c.o: In function `main':
CheckSymbolExists.c:(.text+0x1b): undefined reference to `pthread_create'
collect2: error: ld returned 1 exit status
CMakeFiles/cmTC_43b89.dir/build.make:97: recipe for target 'cmTC_43b89' failed
make[1]: *** [cmTC_43b89] Error 1
make[1]: Leaving directory '/home/jainayushkumar0/Documents/Courses/SensorFusionNanoDegree/Lidar/SFND_Lidar_Obstacle_Detection/src/quiz/cluster/build/CMakeFiles/CMakeTmp'
Makefile:126: recipe for target 'cmTC_43b89/fast' failed
make: *** [cmTC_43b89/fast] Error 2

File /home/jainayushkumar0/Documents/Courses/SensorFusionNanoDegree/Lidar/SFND_Lidar_Obstacle_Detection/src/quiz/cluster/build/CMakeFiles/CMakeTmp/CheckSymbolExists.c:
/* */
#include <pthread.h>

int main(int argc, char** argv)
{
  (void)argv;
#ifndef pthread_create
  return ((int*)(&pthread_create))[argc];
#else
  (void)argc;
  return 0;
#endif
}

Determining if the function pthread_create exists in the pthreads failed with the following output:
Change Dir: /home/jainayushkumar0/Documents/Courses/SensorFusionNanoDegree/Lidar/SFND_Lidar_Obstacle_Detection/src/quiz/cluster/build/CMakeFiles/CMakeTmp

Run Build Command:"/usr/bin/make" "cmTC_a2e4d/fast"
/usr/bin/make -f CMakeFiles/cmTC_a2e4d.dir/build.make CMakeFiles/cmTC_a2e4d.dir/build
make[1]: Entering directory '/home/jainayushkumar0/Documents/Courses/SensorFusionNanoDegree/Lidar/SFND_Lidar_Obstacle_Detection/src/quiz/cluster/build/CMakeFiles/CMakeTmp'
Building C object CMakeFiles/cmTC_a2e4d.dir/CheckFunctionExists.c.o
/usr/bin/cc   -DCHECK_FUNCTION_EXISTS=pthread_create   -o CMakeFiles/cmTC_a2e4d.dir/CheckFunctionExists.c.o   -c /usr/share/cmake-3.10/Modules/CheckFunctionExists.c
Linking C executable cmTC_a2e4d
/usr/bin/cmake -E cmake_link_script CMakeFiles/cmTC_a2e4d.dir/link.txt --verbose=1
/usr/bin/cc  -DCHECK_FUNCTION_EXISTS=pthread_create    -rdynamic CMakeFiles/cmTC_a2e4d.dir/CheckFunctionExists.c.o  -o cmTC_a2e4d -lpthreads 
/usr/bin/ld: cannot find -lpthreads
collect2: error: ld returned 1 exit status
CMakeFiles/cmTC_a2e4d.dir/build.make:97: recipe for target 'cmTC_a2e4d' failed
make[1]: *** [cmTC_a2e4d] Error 1
make[1]: Leaving directory '/home/jainayushkumar0/Documents/Courses/SensorFusionNanoDegree/Lidar/SFND_Lidar_Obstacle_Detection/src/quiz/cluster/build/CMakeFiles/CMakeTmp'
Makefile:126: recipe for target 'cmTC_a2e4d/fast' failed
make: *** [cmTC_a2e4d/fast] Error 2


